<?xml version="1.0" encoding="UTF-8"?>
<testng-results ignored="0" total="4" passed="4" failed="0" skipped="0">
  <reporter-output>
  </reporter-output>
  <suite started-at="2026-04-09T22:17:40 EDT" name="DemoQA Automation Suite" finished-at="2026-04-09T22:18:04 EDT" duration-ms="23071">
    <groups>
    </groups>
    <test started-at="2026-04-09T22:17:40 EDT" name="All DemoQA Tests" finished-at="2026-04-09T22:18:04 EDT" duration-ms="23071">
      <class name="tests.LoginTest">
        <test-method is-config="true" signature="setUp()[pri:0, instance:tests.LoginTest@28701274]" started-at="2026-04-09T22:17:56 EDT" name="setUp" finished-at="2026-04-09T22:17:58 EDT" duration-ms="2090" status="PASS">
          <reporter-output>
          </reporter-output>
        </test-method> <!-- setUp -->
        <test-method signature="testLoginPageLoads()[pri:0, instance:tests.LoginTest@28701274]" started-at="2026-04-09T22:17:58 EDT" name="testLoginPageLoads" finished-at="2026-04-09T22:17:59 EDT" duration-ms="1419" status="PASS">
          <reporter-output>
          </reporter-output>
        </test-method> <!-- testLoginPageLoads -->
        <test-method is-config="true" signature="tearDown()[pri:0, instance:tests.LoginTest@28701274]" started-at="2026-04-09T22:17:59 EDT" name="tearDown" finished-at="2026-04-09T22:17:59 EDT" duration-ms="313" status="PASS">
          <reporter-output>
          </reporter-output>
        </test-method> <!-- tearDown -->
      </class> <!-- tests.LoginTest -->
      <class name="tests.SignupNegativeTest">
        <test-method is-config="true" signature="setUp()[pri:0, instance:tests.SignupNegativeTest@36fc695d]" started-at="2026-04-09T22:17:50 EDT" name="setUp" finished-at="2026-04-09T22:17:52 EDT" duration-ms="2029" status="PASS">
          <reporter-output>
          </reporter-output>
        </test-method> <!-- setUp -->
        <test-method signature="testSignupWithoutName()[pri:0, instance:tests.SignupNegativeTest@36fc695d]" started-at="2026-04-09T22:17:52 EDT" name="testSignupWithoutName" finished-at="2026-04-09T22:17:55 EDT" duration-ms="3315" status="PASS">
          <reporter-output>
          </reporter-output>
        </test-method> <!-- testSignupWithoutName -->
        <test-method is-config="true" signature="tearDown()[pri:0, instance:tests.SignupNegativeTest@36fc695d]" started-at="2026-04-09T22:17:55 EDT" name="tearDown" finished-at="2026-04-09T22:17:56 EDT" duration-ms="418" status="PASS">
          <reporter-output>
          </reporter-output>
        </test-method> <!-- tearDown -->
      </class> <!-- tests.SignupNegativeTest -->
      <class name="tests.SignupTest">
        <test-method is-config="true" signature="setUp()[pri:0, instance:tests.SignupTest@2a3b5b47]" started-at="2026-04-09T22:17:40 EDT" name="setUp" finished-at="2026-04-09T22:17:45 EDT" duration-ms="4878" status="PASS">
          <reporter-output>
          </reporter-output>
        </test-method> <!-- setUp -->
        <test-method signature="testSignup()[pri:0, instance:tests.SignupTest@2a3b5b47]" started-at="2026-04-09T22:17:45 EDT" name="testSignup" finished-at="2026-04-09T22:17:49 EDT" duration-ms="3973" status="PASS">
          <reporter-output>
          </reporter-output>
        </test-method> <!-- testSignup -->
        <test-method is-config="true" signature="tearDown()[pri:0, instance:tests.SignupTest@2a3b5b47]" started-at="2026-04-09T22:17:49 EDT" name="tearDown" finished-at="2026-04-09T22:17:50 EDT" duration-ms="471" status="PASS">
          <reporter-output>
          </reporter-output>
        </test-method> <!-- tearDown -->
      </class> <!-- tests.SignupTest -->
      <class name="tests.AlertsTest">
        <test-method is-config="true" signature="setUp()[pri:0, instance:tests.AlertsTest@13c9d689]" started-at="2026-04-09T22:17:59 EDT" name="setUp" finished-at="2026-04-09T22:18:02 EDT" duration-ms="2082" status="PASS">
          <reporter-output>
          </reporter-output>
        </test-method> <!-- setUp -->
        <test-method signature="testAlert()[pri:0, instance:tests.AlertsTest@13c9d689]" started-at="2026-04-09T22:18:02 EDT" name="testAlert" finished-at="2026-04-09T22:18:03 EDT" duration-ms="1667" status="PASS">
          <reporter-output>
          </reporter-output>
        </test-method> <!-- testAlert -->
        <test-method is-config="true" signature="tearDown()[pri:0, instance:tests.AlertsTest@13c9d689]" started-at="2026-04-09T22:18:03 EDT" name="tearDown" finished-at="2026-04-09T22:18:04 EDT" duration-ms="339" status="PASS">
          <reporter-output>
          </reporter-output>
        </test-method> <!-- tearDown -->
      </class> <!-- tests.AlertsTest -->
    </test> <!-- All DemoQA Tests -->
  </suite> <!-- DemoQA Automation Suite -->
</testng-results>
