<?xml version="1.0" encoding="UTF-8"?>
<!-- Generated by org.testng.reporters.JUnitXMLReporter -->
<testsuite ignored="0" hostname="Edoms-Air" failures="0" tests="4" name="All DemoQA Tests" time="23.071" errors="0" timestamp="2026-04-09T22:18:04 EDT">
  <testcase classname="tests.SignupTest" name="testSignup" time="3.973"/>
  <testcase classname="tests.SignupNegativeTest" name="testSignupWithoutName" time="3.315"/>
  <testcase classname="tests.LoginTest" name="testLoginPageLoads" time="1.419"/>
  <testcase classname="tests.AlertsTest" name="testAlert" time="1.667"/>
</testsuite> <!-- All DemoQA Tests -->
